<?xml version="1.0" encoding="UTF-8"?>
<!-- Generated by org.testng.reporters.JUnitReportReporter -->
<testsuite hostname="OKCL129" failures="0" tests="5" name="test.java.com.TestNG.day2" time="0.005" errors="0" timestamp="2022-09-13T13:36:07 CDT" skipped="0">
  <testcase classname="test.java.com.TestNG.day2" name="name2" time="0.001"/>
  <system-out/>
  <testcase classname="test.java.com.TestNG.day2" name="name" time="0.002"/>
  <system-out/>
  <testcase classname="test.java.com.TestNG.day2" name="name2" time="0.001"/>
  <system-out/>
  <testcase classname="test.java.com.TestNG.day2" name="name3" time="0.001"/>
  <system-out/>
  <testcase classname="test.java.com.TestNG.day2" name="name2" time="0.000"/>
  <system-out/>
</testsuite> <!-- test.java.com.TestNG.day2 -->
