<?xml version="1.0" encoding="UTF-8"?>
<!-- Generated by org.testng.reporters.JUnitReportReporter -->
<testsuite hostname="OKCL129" failures="0" tests="3" name="test.java.com.TestNG.day1" time="0.004" errors="0" timestamp="2022-09-13T13:36:07 CDT" skipped="1">
  <testcase classname="test.java.com.TestNG.day1" name="name5" time="0.003"/>
  <system-out/>
  <testcase classname="test.java.com.TestNG.day1" name="name3" time="0.001"/>
  <system-out/>
  <testcase classname="test.java.com.TestNG.day1" name="name">
    <skipped/>
  </testcase> <!-- name -->
  <system-out/>
</testsuite> <!-- test.java.com.TestNG.day1 -->
