<?xml version="1.0" encoding="UTF-8"?>
<!-- Generated by org.testng.reporters.JUnitReportReporter -->
<testsuite hostname="OKCL129" failures="0" tests="2" name="test.java.com.TestNG.day1" time="0.006" errors="0" timestamp="2022-09-13T09:13:33 CDT" skipped="0">
  <testcase classname="test.java.com.TestNG.day1" name="name2" time="0.001"/>
  <system-out/>
  <testcase classname="test.java.com.TestNG.day1" name="name" time="0.005"/>
  <system-out/>
</testsuite> <!-- test.java.com.TestNG.day1 -->
