<?xml version="1.0" encoding="UTF-8"?>
<!-- Generated by org.testng.reporters.JUnitReportReporter -->
<testsuite hostname="OKCL129" failures="0" tests="3" name="test.java.com.TestNG.day1" time="0.002" errors="0" timestamp="2022-09-13T14:11:03 CDT" skipped="1">
  <testcase classname="test.java.com.TestNG.day1" name="name3" time="0.000"/>
  <system-out/>
  <testcase classname="test.java.com.TestNG.day1" name="name5" time="0.002"/>
  <system-out/>
  <testcase classname="test.java.com.TestNG.day1" name="name">
    <skipped/>
  </testcase> <!-- name -->
  <system-out/>
</testsuite> <!-- test.java.com.TestNG.day1 -->
